[02Aug2025 00:00:05.634] [Server thread/INFO] [net.minecraft.server.MinecraftServer/]: Misterchuwa has made the advancement [Diamonds!]
[02Aug2025 00:02:26.134] [Server thread/INFO] [net.minecraft.server.MinecraftServer/]: Misterchuwa has made the advancement [Cover Me with Diamonds]
[02Aug2025 00:02:46.883] [Server thread/INFO] [net.minecraft.server.MinecraftServer/]: Misterchuwa has made the advancement [Hidden in the Depths]
[02Aug2025 00:03:57.644] [Server thread/INFO] [net.minecraft.server.MinecraftServer/]: [Not Secure] <Misterchuwa> plague
[02Aug2025 00:04:14.798] [Server thread/INFO] [net.minecraft.server.MinecraftServer/]: [Not Secure] <Misterchuwa> drecepeture
[02Aug2025 00:06:06.968] [Server thread/INFO] [net.minecraft.server.network.ServerGamePacketListenerImpl/]: elpepe lost connection: You logged in from another location
[02Aug2025 00:06:06.969] [Server thread/INFO] [net.minecraft.server.MinecraftServer/]: elpepe left the game
[02Aug2025 00:06:07.002] [Server thread/WARN] [net.minecraft.network.Connection/]: handleDisconnection() called twice
[02Aug2025 00:06:07.008] [Server thread/INFO] [net.minecraft.server.players.PlayerList/]: elpepe[/100.71.192.84:50956] logged in with entity id 17704 at (-992.649571397266, 83.0, 545.8822436403198)
[02Aug2025 00:06:07.010] [Server thread/INFO] [ModdingLegacy/blue_skies/]: Sending ToolHandleTypeManager to elpepe
[02Aug2025 00:06:07.010] [Server thread/INFO] [ModdingLegacy/blue_skies/]: Sending SnowcapOvenFreezingManager to elpepe
[02Aug2025 00:06:07.010] [Server thread/INFO] [ModdingLegacy/blue_skies/]: Sending HorizoniteForgeFuelManager to elpepe
[02Aug2025 00:06:07.011] [Server thread/INFO] [ModdingLegacy/blue_skies/]: Sending AlchemyRecipeManager to elpepe
[02Aug2025 00:06:07.012] [Server thread/INFO] [ModdingLegacy/blue_skies/]: Sending JournalEntryManager to elpepe
[02Aug2025 00:06:07.015] [Server thread/INFO] [ModdingLegacy/blue_skies/]: Sending JournalSectionManager to elpepe
[02Aug2025 00:06:07.015] [Server thread/INFO] [ModdingLegacy/blue_skies/]: Sending JournalRequirementManager to elpepe
[02Aug2025 00:06:07.031] [Server thread/INFO] [net.minecraft.server.MinecraftServer/]: elpepe joined the game
[02Aug2025 00:18:43.306] [Server thread/WARN] [net.minecraft.server.network.ServerGamePacketListenerImpl/]: Misterchuwa moved wrongly!
[02Aug2025 00:26:03.342] [Server thread/WARN] [net.minecraft.server.network.ServerGamePacketListenerImpl/]: Misterchuwa moved wrongly!
[02Aug2025 00:26:22.764] [Server thread/WARN] [net.minecraft.server.network.ServerGamePacketListenerImpl/]: Misterchuwa moved wrongly!
[02Aug2025 00:27:02.134] [Server thread/INFO] [net.minecraft.server.MinecraftServer/]: Misterchuwa has made the advancement [A Seedy Place]
[02Aug2025 00:29:25.709] [Server thread/WARN] [net.minecraft.server.network.ServerGamePacketListenerImpl/]: Misterchuwa moved wrongly!
[02Aug2025 00:30:45.637] [Server thread/WARN] [net.minecraft.server.network.ServerGamePacketListenerImpl/]: Misterchuwa moved wrongly!
[02Aug2025 00:37:18.862] [Server thread/INFO] [net.minecraft.server.network.ServerGamePacketListenerImpl/]: JAGlitsh lost connection: Timed out
[02Aug2025 00:37:18.862] [Server thread/INFO] [net.minecraft.server.MinecraftServer/]: JAGlitsh left the game
[02Aug2025 00:37:18.890] [Server thread/WARN] [net.minecraft.network.Connection/]: handleDisconnection() called twice
[02Aug2025 00:37:23.784] [Server thread/INFO] [net.minecraft.server.MinecraftServer/]: [Not Secure] <Misterchuwa> g
[02Aug2025 00:38:41.303] [Server thread/INFO] [net.minecraft.server.players.PlayerList/]: JAGlitsh[/100.89.160.39:58521] logged in with entity id 24204 at (-979.7772661885423, 86.69518118536743, 578.6107580526284)
[02Aug2025 00:38:41.304] [Server thread/INFO] [ModdingLegacy/blue_skies/]: Sending ToolHandleTypeManager to JAGlitsh
[02Aug2025 00:38:41.305] [Server thread/INFO] [ModdingLegacy/blue_skies/]: Sending SnowcapOvenFreezingManager to JAGlitsh
[02Aug2025 00:38:41.305] [Server thread/INFO] [ModdingLegacy/blue_skies/]: Sending HorizoniteForgeFuelManager to JAGlitsh
[02Aug2025 00:38:41.305] [Server thread/INFO] [ModdingLegacy/blue_skies/]: Sending AlchemyRecipeManager to JAGlitsh
[02Aug2025 00:38:41.308] [Server thread/INFO] [ModdingLegacy/blue_skies/]: Sending JournalEntryManager to JAGlitsh
[02Aug2025 00:38:41.312] [Server thread/INFO] [ModdingLegacy/blue_skies/]: Sending JournalSectionManager to JAGlitsh
[02Aug2025 00:38:41.312] [Server thread/INFO] [ModdingLegacy/blue_skies/]: Sending JournalRequirementManager to JAGlitsh
[02Aug2025 00:38:41.351] [Server thread/INFO] [net.minecraft.server.MinecraftServer/]: JAGlitsh joined the game
[02Aug2025 00:40:19.008] [Server thread/INFO] [net.minecraft.server.MinecraftServer/]: [JAGlitsh: Set the time to 1000]
[02Aug2025 00:43:58.535] [Server thread/INFO] [net.minecraft.server.MinecraftServer/]: JAGlitsh has made the advancement [Your First Receptacle]
[02Aug2025 00:48:00.344] [Server thread/INFO] [net.minecraft.server.MinecraftServer/]: JAGlitsh has made the advancement [Reality Can Be Whatever I Want]
